TN:
SF:/home/bob/_workspaces/kit.core/src/Kit/Container/Item.cpp
FN:19,31,_ZN3Kit9Container4Item7insert_EPv
FN:33,41,_ZNK3Kit9Container4Item17validateNextOkay_EPKv
FNDA:52,_ZN3Kit9Container4Item7insert_EPv
FNDA:38,_ZNK3Kit9Container4Item17validateNextOkay_EPKv
FNF:2
FNH:2
BRDA:21,0,0,2
BRDA:21,0,1,50
BRDA:35,0,0,0
BRDA:35,0,1,38
BRF:4
BRH:3
DA:19,52
DA:21,52
DA:24,2
DA:28,50
DA:29,50
DA:33,38
DA:35,38
DA:38,0
DA:40,38
LF:9
LH:8
end_of_record
TN:
SF:/home/bob/_workspaces/kit.core/src/Kit/Container/Item.h
FN:33,34,_ZN3Kit9Container4ItemC2Ev
FN:57,64,_ZNK3Kit9Container4Item14isInContainer_EPKv
FN:79,85,_ZN3Kit9Container4Item7remove_EPS1_
FNDA:70,_ZN3Kit9Container4ItemC2Ev
FNDA:26,_ZNK3Kit9Container4Item14isInContainer_EPKv
FNDA:62,_ZN3Kit9Container4Item7remove_EPS1_
FNF:3
FNH:3
BRDA:59,0,0,6
BRDA:59,0,1,20
BRDA:81,0,0,48
BRDA:81,0,1,14
BRF:4
BRH:4
DA:33,70
DA:34,70
DA:57,26
DA:59,26
DA:61,6
DA:63,20
DA:79,62
DA:81,62
DA:83,48
DA:85,62
LF:10
LH:10
end_of_record
TN:
SF:/home/bob/_workspaces/kit.core/src/Kit/Container/SList.h
FN:101,101,_ZN3Kit9Container5SListIN12_GLOBAL__N_16MyItemEE6removeERS3_
FN:106,106,_ZN3Kit9Container5SListIN12_GLOBAL__N_16MyItemEE11insertAfterERS3_S5_
FN:114,114,_ZN3Kit9Container5SListIN12_GLOBAL__N_16MyItemEE12insertBeforeERS3_S5_
FN:117,117,_ZNK3Kit9Container5SListIN12_GLOBAL__N_16MyItemEE4findERKS3_
FN:122,122,_ZNK3Kit9Container5SListIN12_GLOBAL__N_16MyItemEE5firstEv
FN:132,132,_ZNK3Kit9Container5SListIN12_GLOBAL__N_16MyItemEE4nextERKS3_
FN:33,34,_ZN3Kit9Container5SListIN12_GLOBAL__N_16MyItemEEC2Ev
FN:40,41,_ZN3Kit9Container5SListIN12_GLOBAL__N_111ItemAutoAddEEC2EPKc
FN:45,45,_ZN3Kit9Container5SListIN12_GLOBAL__N_16MyItemEE4moveERS4_
FN:48,48,_ZN3Kit9Container5SListIN12_GLOBAL__N_16MyItemEE12clearTheListEv
FN:52,52,_ZN3Kit9Container5SListIN12_GLOBAL__N_111ItemAutoAddEE3getEv
FN:52,52,_ZN3Kit9Container5SListIN12_GLOBAL__N_16MyItemEE3getEv
FN:55,55,_ZN3Kit9Container5SListIN12_GLOBAL__N_111ItemAutoAddEE3putERS3_
FN:55,55,_ZN3Kit9Container5SListIN12_GLOBAL__N_16MyItemEE3putERS3_
FN:60,60,_ZNK3Kit9Container5SListIN12_GLOBAL__N_111ItemAutoAddEE4headEv
FN:60,60,_ZNK3Kit9Container5SListIN12_GLOBAL__N_16MyItemEE4headEv
FN:65,65,_ZNK3Kit9Container5SListIN12_GLOBAL__N_111ItemAutoAddEE4tailEv
FN:65,65,_ZNK3Kit9Container5SListIN12_GLOBAL__N_16MyItemEE4tailEv
FN:71,71,_ZN3Kit9Container5SListIN12_GLOBAL__N_16MyItemEE3popEv
FN:74,74,_ZN3Kit9Container5SListIN12_GLOBAL__N_16MyItemEE4pushERS3_
FN:79,79,_ZNK3Kit9Container5SListIN12_GLOBAL__N_16MyItemEE3topEv
FN:85,85,_ZN3Kit9Container5SListIN12_GLOBAL__N_16MyItemEE8getFirstEv
FN:90,90,_ZN3Kit9Container5SListIN12_GLOBAL__N_16MyItemEE7getLastEv
FN:93,93,_ZN3Kit9Container5SListIN12_GLOBAL__N_16MyItemEE8putFirstERS3_
FN:96,96,_ZN3Kit9Container5SListIN12_GLOBAL__N_16MyItemEE7putLastERS3_
FNDA:14,_ZN3Kit9Container5SListIN12_GLOBAL__N_16MyItemEE6removeERS3_
FNDA:4,_ZN3Kit9Container5SListIN12_GLOBAL__N_16MyItemEE11insertAfterERS3_S5_
FNDA:4,_ZN3Kit9Container5SListIN12_GLOBAL__N_16MyItemEE12insertBeforeERS3_S5_
FNDA:10,_ZNK3Kit9Container5SListIN12_GLOBAL__N_16MyItemEE4findERKS3_
FNDA:10,_ZNK3Kit9Container5SListIN12_GLOBAL__N_16MyItemEE5firstEv
FNDA:18,_ZNK3Kit9Container5SListIN12_GLOBAL__N_16MyItemEE4nextERKS3_
FNDA:20,_ZN3Kit9Container5SListIN12_GLOBAL__N_16MyItemEEC2Ev
FNDA:4,_ZN3Kit9Container5SListIN12_GLOBAL__N_111ItemAutoAddEEC2EPKc
FNDA:2,_ZN3Kit9Container5SListIN12_GLOBAL__N_16MyItemEE4moveERS4_
FNDA:2,_ZN3Kit9Container5SListIN12_GLOBAL__N_16MyItemEE12clearTheListEv
FNDA:2,_ZN3Kit9Container5SListIN12_GLOBAL__N_111ItemAutoAddEE3getEv
FNDA:10,_ZN3Kit9Container5SListIN12_GLOBAL__N_16MyItemEE3getEv
FNDA:2,_ZN3Kit9Container5SListIN12_GLOBAL__N_111ItemAutoAddEE3putERS3_
FNDA:16,_ZN3Kit9Container5SListIN12_GLOBAL__N_16MyItemEE3putERS3_
FNDA:4,_ZNK3Kit9Container5SListIN12_GLOBAL__N_111ItemAutoAddEE4headEv
FNDA:46,_ZNK3Kit9Container5SListIN12_GLOBAL__N_16MyItemEE4headEv
FNDA:4,_ZNK3Kit9Container5SListIN12_GLOBAL__N_111ItemAutoAddEE4tailEv
FNDA:58,_ZNK3Kit9Container5SListIN12_GLOBAL__N_16MyItemEE4tailEv
FNDA:16,_ZN3Kit9Container5SListIN12_GLOBAL__N_16MyItemEE3popEv
FNDA:12,_ZN3Kit9Container5SListIN12_GLOBAL__N_16MyItemEE4pushERS3_
FNDA:8,_ZNK3Kit9Container5SListIN12_GLOBAL__N_16MyItemEE3topEv
FNDA:2,_ZN3Kit9Container5SListIN12_GLOBAL__N_16MyItemEE8getFirstEv
FNDA:2,_ZN3Kit9Container5SListIN12_GLOBAL__N_16MyItemEE7getLastEv
FNDA:4,_ZN3Kit9Container5SListIN12_GLOBAL__N_16MyItemEE8putFirstERS3_
FNDA:4,_ZN3Kit9Container5SListIN12_GLOBAL__N_16MyItemEE7putLastERS3_
FNF:25
FNH:25
DA:33,20
DA:34,20
DA:40,4
DA:41,4
DA:45,2
DA:48,2
DA:52,12
DA:55,18
DA:60,50
DA:65,62
DA:71,16
DA:74,12
DA:79,8
DA:85,2
DA:90,2
DA:93,4
DA:96,4
DA:101,14
DA:106,4
DA:114,4
DA:117,10
DA:122,10
DA:132,18
LF:23
LH:23
end_of_record
TN:
SF:/home/bob/_workspaces/kit.core/src/Kit/Container/SListBase_.h
FN:106,114,_ZN3Kit9Container10SListBase_7getLastEv
FN:117,132,_ZN3Kit9Container10SListBase_8putFirstERNS0_4ItemE
FN:135,150,_ZN3Kit9Container10SListBase_7putLastERNS0_4ItemE
FN:157,160,_ZNK3Kit9Container10SListBase_5firstEv
FN:166,169,_ZNK3Kit9Container10SListBase_4lastEv
FN:176,209,_ZN3Kit9Container10SListBase_6removeERNS0_4ItemE
FN:215,226,_ZN3Kit9Container10SListBase_11insertAfterERNS0_4ItemES3_
FN:235,259,_ZN3Kit9Container10SListBase_12insertBeforeERNS0_4ItemES3_
FN:264,267,_ZNK3Kit9Container10SListBase_4findERKNS0_4ItemE
FN:274,281,_ZNK3Kit9Container10SListBase_4nextERKNS0_4ItemE
FN:39,40,_ZN3Kit9Container10SListBase_C2Ev
FN:57,60,_ZN3Kit9Container10SListBase_C2EPKc
FN:64,75,_ZN3Kit9Container10SListBase_4moveERS1_
FN:78,85,_ZN3Kit9Container10SListBase_12clearTheListEv
FN:90,103,_ZN3Kit9Container10SListBase_8getFirstEv
FNDA:2,_ZN3Kit9Container10SListBase_7getLastEv
FNDA:16,_ZN3Kit9Container10SListBase_8putFirstERNS0_4ItemE
FNDA:28,_ZN3Kit9Container10SListBase_7putLastERNS0_4ItemE
FNDA:86,_ZNK3Kit9Container10SListBase_5firstEv
FNDA:62,_ZNK3Kit9Container10SListBase_4lastEv
FNDA:16,_ZN3Kit9Container10SListBase_6removeERNS0_4ItemE
FNDA:4,_ZN3Kit9Container10SListBase_11insertAfterERNS0_4ItemES3_
FNDA:4,_ZN3Kit9Container10SListBase_12insertBeforeERNS0_4ItemES3_
FNDA:10,_ZNK3Kit9Container10SListBase_4findERKNS0_4ItemE
FNDA:38,_ZNK3Kit9Container10SListBase_4nextERKNS0_4ItemE
FNDA:20,_ZN3Kit9Container10SListBase_C2Ev
FNDA:4,_ZN3Kit9Container10SListBase_C2EPKc
FNDA:2,_ZN3Kit9Container10SListBase_4moveERS1_
FNDA:4,_ZN3Kit9Container10SListBase_12clearTheListEv
FNDA:48,_ZN3Kit9Container10SListBase_8getFirstEv
FNF:15
FNH:15
BRDA:71,0,0,6
BRDA:71,0,1,2
BRDA:81,0,0,6
BRDA:81,0,1,4
BRDA:93,0,0,34
BRDA:93,0,1,14
BRDA:95,0,0,12
BRDA:95,0,1,22
BRDA:109,0,0,2
BRDA:109,0,1,0
BRDA:119,0,0,16
BRDA:119,0,1,0
BRDA:121,0,0,12
BRDA:121,0,1,4
BRDA:137,0,0,26
BRDA:137,0,1,2
BRDA:139,0,0,14
BRDA:139,0,1,12
BRDA:178,0,0,14
BRDA:178,0,1,2
BRDA:182,0,0,28
BRDA:182,0,1,0
BRDA:185,0,0,14
BRDA:185,0,1,14
BRDA:187,0,0,6
BRDA:187,0,1,8
BRDA:189,0,0,4
BRDA:189,0,1,2
BRDA:196,0,0,2
BRDA:196,0,1,6
BRDA:217,0,0,4
BRDA:217,0,1,0
BRDA:220,0,0,2
BRDA:220,0,1,2
BRDA:237,0,0,4
BRDA:237,0,1,0
BRDA:241,0,0,10
BRDA:241,0,1,0
BRDA:244,0,0,4
BRDA:244,0,1,6
BRDA:247,0,0,2
BRDA:247,0,1,2
BRDA:276,0,0,38
BRDA:276,0,1,0
BRF:44
BRH:37
DA:39,20
DA:40,20
DA:57,4
DA:58,4
DA:60,4
DA:64,2
DA:67,2
DA:71,8
DA:73,6
DA:75,2
DA:78,4
DA:81,10
DA:85,4
DA:90,48
DA:93,48
DA:95,34
DA:97,12
DA:101,48
DA:102,48
DA:106,2
DA:108,2
DA:109,2
DA:111,2
DA:113,2
DA:117,16
DA:119,16
DA:121,16
DA:123,12
DA:124,12
DA:128,4
DA:129,4
DA:132,16
DA:135,28
DA:137,28
DA:139,26
DA:141,14
DA:145,12
DA:147,26
DA:148,26
DA:150,28
DA:157,86
DA:159,86
DA:166,62
DA:168,62
DA:176,16
DA:178,16
DA:182,28
DA:183,14
DA:185,28
DA:187,14
DA:189,6
DA:191,4
DA:196,8
DA:198,2
DA:201,14
DA:202,14
DA:208,2
DA:215,4
DA:217,4
DA:219,4
DA:220,4
DA:222,2
DA:224,4
DA:226,4
DA:235,4
DA:237,4
DA:241,10
DA:242,6
DA:244,10
DA:246,4
DA:247,4
DA:249,2
DA:253,2
DA:255,4
DA:259,4
DA:264,10
DA:266,10
DA:274,38
DA:276,38
DA:278,38
DA:280,0
LF:81
LH:80
end_of_record
TN:
SF:/home/bob/_workspaces/kit.core/src/Kit/Container/_0test/_0build/main.cpp
FN:4,11,main
FNDA:2,main
FNF:1
FNH:1
BRDA:10,0,0,2
BRDA:10,e0,1,0
BRDA:10,0,2,2
BRDA:10,e0,3,0
BRF:4
BRH:2
DA:4,2
DA:10,2
LF:2
LH:2
end_of_record
TN:
SF:/home/bob/_workspaces/kit.core/src/Kit/Container/_0test/slist.cpp
FN:36,36,_ZN12_GLOBAL__N_16MyItemC2EPKc
FN:45,49,_ZN12_GLOBAL__N_111ItemAutoAddC2EPKcRN3Kit9Container5SListIS0_EE
FN:66,294,_ZL22CATCH2_INTERNAL_TEST_0v
FNDA:68,_ZN12_GLOBAL__N_16MyItemC2EPKc
FNDA:2,_ZN12_GLOBAL__N_111ItemAutoAddC2EPKcRN3Kit9Container5SListIS0_EE
FNDA:12,_ZL22CATCH2_INTERNAL_TEST_0v
FNF:3
FNH:3
BRDA:78,0,0,12
BRDA:78,e0,1,0
BRDA:78,0,2,12
BRDA:78,e0,3,0
BRDA:78,0,4,2
BRDA:78,0,5,10
BRDA:91,0,0,12
BRDA:91,e0,1,0
BRDA:91,0,2,12
BRDA:91,e0,3,0
BRDA:91,0,4,2
BRDA:91,0,5,10
BRDA:93,0,0,2
BRDA:93,e0,1,0
BRDA:93,0,2,2
BRDA:93,e0,3,0
BRDA:93,0,4,2
BRDA:93,e0,5,0
BRDA:93,0,6,2
BRDA:93,e0,7,0
BRDA:93,0,8,2
BRDA:93,e0,9,0
BRDA:93,0,10,0
BRDA:93,e0,11,0
BRDA:93,0,12,0
BRDA:93,e0,13,0
BRDA:94,0,0,2
BRDA:94,e0,1,0
BRDA:94,0,2,2
BRDA:94,e0,3,0
BRDA:94,0,4,2
BRDA:94,e0,5,0
BRDA:94,0,6,2
BRDA:94,e0,7,0
BRDA:94,0,8,2
BRDA:94,e0,9,0
BRDA:94,0,10,0
BRDA:94,e0,11,0
BRDA:94,0,12,0
BRDA:94,e0,13,0
BRDA:96,0,0,2
BRDA:96,e0,1,0
BRDA:96,0,2,2
BRDA:96,e0,3,0
BRDA:96,0,4,2
BRDA:96,e0,5,0
BRDA:96,0,6,2
BRDA:96,e0,7,0
BRDA:96,0,8,2
BRDA:96,e0,9,0
BRDA:96,0,10,0
BRDA:96,e0,11,0
BRDA:96,0,12,0
BRDA:96,e0,13,0
BRDA:97,0,0,2
BRDA:97,e0,1,0
BRDA:97,0,2,2
BRDA:97,e0,3,0
BRDA:97,0,4,2
BRDA:97,e0,5,0
BRDA:97,0,6,2
BRDA:97,e0,7,0
BRDA:97,0,8,2
BRDA:97,e0,9,0
BRDA:97,0,10,0
BRDA:97,e0,11,0
BRDA:97,0,12,0
BRDA:97,e0,13,0
BRDA:98,0,0,2
BRDA:98,e0,1,0
BRDA:98,0,2,2
BRDA:98,e0,3,0
BRDA:98,0,4,2
BRDA:98,e0,5,0
BRDA:98,0,6,2
BRDA:98,e0,7,0
BRDA:98,0,8,2
BRDA:98,e0,9,0
BRDA:98,0,10,0
BRDA:98,e0,11,0
BRDA:98,0,12,0
BRDA:98,e0,13,0
BRDA:101,0,0,12
BRDA:101,e0,1,0
BRDA:101,0,2,12
BRDA:101,e0,3,0
BRDA:101,0,4,2
BRDA:101,0,5,10
BRDA:112,0,0,2
BRDA:112,e0,1,0
BRDA:112,0,2,2
BRDA:112,e0,3,0
BRDA:112,0,4,2
BRDA:112,e0,5,0
BRDA:112,0,6,2
BRDA:112,e0,7,0
BRDA:112,0,8,2
BRDA:112,e0,9,0
BRDA:112,0,10,0
BRDA:112,e0,11,0
BRDA:112,0,12,0
BRDA:112,e0,13,0
BRDA:113,0,0,2
BRDA:113,e0,1,0
BRDA:113,0,2,2
BRDA:113,e0,3,0
BRDA:113,0,4,2
BRDA:113,e0,5,0
BRDA:113,0,6,2
BRDA:113,e0,7,0
BRDA:113,0,8,2
BRDA:113,e0,9,0
BRDA:113,0,10,0
BRDA:113,e0,11,0
BRDA:113,0,12,0
BRDA:113,e0,13,0
BRDA:114,0,0,2
BRDA:114,e0,1,0
BRDA:114,0,2,2
BRDA:114,e0,3,0
BRDA:114,0,4,2
BRDA:114,e0,5,0
BRDA:114,0,6,2
BRDA:114,e0,7,0
BRDA:114,0,8,2
BRDA:114,e0,9,0
BRDA:114,0,10,0
BRDA:114,e0,11,0
BRDA:114,0,12,0
BRDA:114,e0,13,0
BRDA:115,0,0,2
BRDA:115,e0,1,0
BRDA:115,0,2,2
BRDA:115,e0,3,0
BRDA:115,0,4,2
BRDA:115,e0,5,0
BRDA:115,0,6,2
BRDA:115,e0,7,0
BRDA:115,0,8,2
BRDA:115,e0,9,0
BRDA:115,0,10,0
BRDA:115,e0,11,0
BRDA:115,0,12,0
BRDA:115,e0,13,0
BRDA:118,0,0,2
BRDA:118,e0,1,0
BRDA:118,0,2,2
BRDA:118,e0,3,0
BRDA:118,0,4,2
BRDA:118,e0,5,0
BRDA:118,0,6,2
BRDA:118,e0,7,0
BRDA:118,0,8,2
BRDA:118,e0,9,0
BRDA:118,0,10,0
BRDA:118,e0,11,0
BRDA:118,0,12,0
BRDA:118,e0,13,0
BRDA:119,0,0,2
BRDA:119,e0,1,0
BRDA:119,0,2,2
BRDA:119,e0,3,0
BRDA:119,0,4,2
BRDA:119,e0,5,0
BRDA:119,0,6,2
BRDA:119,e0,7,0
BRDA:119,0,8,2
BRDA:119,e0,9,0
BRDA:119,0,10,0
BRDA:119,e0,11,0
BRDA:119,0,12,0
BRDA:119,e0,13,0
BRDA:120,0,0,2
BRDA:120,e0,1,0
BRDA:120,0,2,2
BRDA:120,e0,3,0
BRDA:120,0,4,2
BRDA:120,e0,5,0
BRDA:120,0,6,2
BRDA:120,e0,7,0
BRDA:120,0,8,2
BRDA:120,e0,9,0
BRDA:120,0,10,0
BRDA:120,e0,11,0
BRDA:120,0,12,0
BRDA:120,e0,13,0
BRDA:121,0,0,2
BRDA:121,e0,1,0
BRDA:121,0,2,2
BRDA:121,e0,3,0
BRDA:121,0,4,2
BRDA:121,e0,5,0
BRDA:121,0,6,2
BRDA:121,e0,7,0
BRDA:121,0,8,2
BRDA:121,e0,9,0
BRDA:121,0,10,0
BRDA:121,e0,11,0
BRDA:121,0,12,0
BRDA:121,e0,13,0
BRDA:124,0,0,2
BRDA:124,e0,1,0
BRDA:124,0,2,2
BRDA:124,e0,3,0
BRDA:124,0,4,2
BRDA:124,e0,5,0
BRDA:124,0,6,2
BRDA:124,e0,7,0
BRDA:124,0,8,2
BRDA:124,e0,9,0
BRDA:124,0,10,0
BRDA:124,e0,11,0
BRDA:124,0,12,0
BRDA:124,e0,13,0
BRDA:125,0,0,2
BRDA:125,e0,1,0
BRDA:125,0,2,2
BRDA:125,e0,3,0
BRDA:125,0,4,2
BRDA:125,e0,5,0
BRDA:125,0,6,2
BRDA:125,e0,7,0
BRDA:125,0,8,2
BRDA:125,e0,9,0
BRDA:125,0,10,0
BRDA:125,e0,11,0
BRDA:125,0,12,0
BRDA:125,e0,13,0
BRDA:128,0,0,12
BRDA:128,e0,1,0
BRDA:128,0,2,12
BRDA:128,e0,3,0
BRDA:128,0,4,2
BRDA:128,0,5,10
BRDA:130,0,0,2
BRDA:130,e0,1,0
BRDA:130,0,2,2
BRDA:130,e0,3,0
BRDA:130,0,4,2
BRDA:130,e0,5,0
BRDA:130,0,6,2
BRDA:130,e0,7,0
BRDA:130,0,8,2
BRDA:130,e0,9,0
BRDA:130,0,10,0
BRDA:130,e0,11,0
BRDA:130,0,12,0
BRDA:130,e0,13,0
BRDA:131,0,0,2
BRDA:131,e0,1,0
BRDA:131,0,2,2
BRDA:131,e0,3,0
BRDA:131,0,4,2
BRDA:131,e0,5,0
BRDA:131,0,6,2
BRDA:131,e0,7,0
BRDA:131,0,8,2
BRDA:131,e0,9,0
BRDA:131,0,10,0
BRDA:131,e0,11,0
BRDA:131,0,12,0
BRDA:131,e0,13,0
BRDA:132,0,0,2
BRDA:132,e0,1,0
BRDA:132,0,2,2
BRDA:132,e0,3,0
BRDA:132,0,4,2
BRDA:132,e0,5,0
BRDA:132,0,6,2
BRDA:132,e0,7,0
BRDA:132,0,8,2
BRDA:132,e0,9,0
BRDA:132,0,10,0
BRDA:132,e0,11,0
BRDA:132,0,12,0
BRDA:132,e0,13,0
BRDA:136,0,0,2
BRDA:136,e0,1,0
BRDA:136,0,2,2
BRDA:136,e0,3,0
BRDA:136,0,4,2
BRDA:136,e0,5,0
BRDA:136,0,6,2
BRDA:136,e0,7,0
BRDA:136,0,8,2
BRDA:136,e0,9,0
BRDA:136,0,10,0
BRDA:136,e0,11,0
BRDA:136,0,12,0
BRDA:136,e0,13,0
BRDA:137,0,0,2
BRDA:137,e0,1,0
BRDA:137,0,2,2
BRDA:137,e0,3,0
BRDA:137,0,4,2
BRDA:137,e0,5,0
BRDA:137,0,6,2
BRDA:137,e0,7,0
BRDA:137,0,8,2
BRDA:137,e0,9,0
BRDA:137,0,10,0
BRDA:137,e0,11,0
BRDA:137,0,12,0
BRDA:137,e0,13,0
BRDA:138,0,0,2
BRDA:138,e0,1,0
BRDA:138,0,2,2
BRDA:138,e0,3,0
BRDA:138,0,4,2
BRDA:138,e0,5,0
BRDA:138,0,6,2
BRDA:138,e0,7,0
BRDA:138,0,8,2
BRDA:138,e0,9,0
BRDA:138,0,10,0
BRDA:138,e0,11,0
BRDA:138,0,12,0
BRDA:138,e0,13,0
BRDA:139,0,0,2
BRDA:139,e0,1,0
BRDA:139,0,2,2
BRDA:139,e0,3,0
BRDA:139,0,4,2
BRDA:139,e0,5,0
BRDA:139,0,6,2
BRDA:139,e0,7,0
BRDA:139,0,8,2
BRDA:139,e0,9,0
BRDA:139,0,10,0
BRDA:139,e0,11,0
BRDA:139,0,12,0
BRDA:139,e0,13,0
BRDA:143,0,0,2
BRDA:143,e0,1,0
BRDA:143,0,2,2
BRDA:143,e0,3,0
BRDA:143,0,4,2
BRDA:143,e0,5,0
BRDA:143,0,6,2
BRDA:143,e0,7,0
BRDA:143,0,8,2
BRDA:143,e0,9,0
BRDA:143,0,10,0
BRDA:143,e0,11,0
BRDA:143,0,12,0
BRDA:143,e0,13,0
BRDA:144,0,0,2
BRDA:144,e0,1,0
BRDA:144,0,2,2
BRDA:144,e0,3,0
BRDA:144,0,4,2
BRDA:144,e0,5,0
BRDA:144,0,6,2
BRDA:144,e0,7,0
BRDA:144,0,8,2
BRDA:144,e0,9,0
BRDA:144,0,10,0
BRDA:144,e0,11,0
BRDA:144,0,12,0
BRDA:144,e0,13,0
BRDA:145,0,0,2
BRDA:145,e0,1,0
BRDA:145,0,2,2
BRDA:145,e0,3,0
BRDA:145,0,4,2
BRDA:145,e0,5,0
BRDA:145,0,6,2
BRDA:145,e0,7,0
BRDA:145,0,8,2
BRDA:145,e0,9,0
BRDA:145,0,10,0
BRDA:145,e0,11,0
BRDA:145,0,12,0
BRDA:145,e0,13,0
BRDA:146,0,0,2
BRDA:146,e0,1,0
BRDA:146,0,2,2
BRDA:146,e0,3,0
BRDA:146,0,4,2
BRDA:146,e0,5,0
BRDA:146,0,6,2
BRDA:146,e0,7,0
BRDA:146,0,8,2
BRDA:146,e0,9,0
BRDA:146,0,10,0
BRDA:146,e0,11,0
BRDA:146,0,12,0
BRDA:146,e0,13,0
BRDA:150,0,0,2
BRDA:150,e0,1,0
BRDA:150,0,2,2
BRDA:150,e0,3,0
BRDA:150,0,4,2
BRDA:150,e0,5,0
BRDA:150,0,6,2
BRDA:150,e0,7,0
BRDA:150,0,8,2
BRDA:150,e0,9,0
BRDA:150,0,10,0
BRDA:150,e0,11,0
BRDA:150,0,12,0
BRDA:150,e0,13,0
BRDA:151,0,0,2
BRDA:151,e0,1,0
BRDA:151,0,2,2
BRDA:151,e0,3,0
BRDA:151,0,4,2
BRDA:151,e0,5,0
BRDA:151,0,6,2
BRDA:151,e0,7,0
BRDA:151,0,8,2
BRDA:151,e0,9,0
BRDA:151,0,10,0
BRDA:151,e0,11,0
BRDA:151,0,12,0
BRDA:151,e0,13,0
BRDA:152,0,0,2
BRDA:152,e0,1,0
BRDA:152,0,2,2
BRDA:152,e0,3,0
BRDA:152,0,4,2
BRDA:152,e0,5,0
BRDA:152,0,6,2
BRDA:152,e0,7,0
BRDA:152,0,8,2
BRDA:152,e0,9,0
BRDA:152,0,10,0
BRDA:152,e0,11,0
BRDA:152,0,12,0
BRDA:152,e0,13,0
BRDA:153,0,0,2
BRDA:153,e0,1,0
BRDA:153,0,2,2
BRDA:153,e0,3,0
BRDA:153,0,4,2
BRDA:153,e0,5,0
BRDA:153,0,6,2
BRDA:153,e0,7,0
BRDA:153,0,8,2
BRDA:153,e0,9,0
BRDA:153,0,10,0
BRDA:153,e0,11,0
BRDA:153,0,12,0
BRDA:153,e0,13,0
BRDA:156,0,0,2
BRDA:156,e0,1,0
BRDA:156,0,2,2
BRDA:156,e0,3,0
BRDA:156,0,4,2
BRDA:156,e0,5,0
BRDA:156,0,6,2
BRDA:156,e0,7,0
BRDA:156,0,8,2
BRDA:156,e0,9,0
BRDA:156,0,10,0
BRDA:156,e0,11,0
BRDA:156,0,12,0
BRDA:156,e0,13,0
BRDA:157,0,0,2
BRDA:157,e0,1,0
BRDA:157,0,2,2
BRDA:157,e0,3,0
BRDA:157,0,4,2
BRDA:157,e0,5,0
BRDA:157,0,6,2
BRDA:157,e0,7,0
BRDA:157,0,8,2
BRDA:157,e0,9,0
BRDA:157,0,10,0
BRDA:157,e0,11,0
BRDA:157,0,12,0
BRDA:157,e0,13,0
BRDA:158,0,0,2
BRDA:158,e0,1,0
BRDA:158,0,2,2
BRDA:158,e0,3,0
BRDA:158,0,4,2
BRDA:158,e0,5,0
BRDA:158,0,6,2
BRDA:158,e0,7,0
BRDA:158,0,8,2
BRDA:158,e0,9,0
BRDA:158,0,10,0
BRDA:158,e0,11,0
BRDA:158,0,12,0
BRDA:158,e0,13,0
BRDA:159,0,0,2
BRDA:159,e0,1,0
BRDA:159,0,2,2
BRDA:159,e0,3,0
BRDA:159,0,4,2
BRDA:159,e0,5,0
BRDA:159,0,6,2
BRDA:159,e0,7,0
BRDA:159,0,8,2
BRDA:159,e0,9,0
BRDA:159,0,10,0
BRDA:159,e0,11,0
BRDA:159,0,12,0
BRDA:159,e0,13,0
BRDA:160,0,0,2
BRDA:160,e0,1,0
BRDA:160,0,2,2
BRDA:160,e0,3,0
BRDA:160,0,4,2
BRDA:160,e0,5,0
BRDA:160,0,6,2
BRDA:160,e0,7,0
BRDA:160,0,8,2
BRDA:160,e0,9,0
BRDA:160,0,10,0
BRDA:160,e0,11,0
BRDA:160,0,12,0
BRDA:160,e0,13,0
BRDA:161,0,0,2
BRDA:161,e0,1,0
BRDA:161,0,2,2
BRDA:161,e0,3,0
BRDA:161,0,4,2
BRDA:161,e0,5,0
BRDA:161,0,6,2
BRDA:161,e0,7,0
BRDA:161,0,8,2
BRDA:161,e0,9,0
BRDA:161,0,10,0
BRDA:161,e0,11,0
BRDA:161,0,12,0
BRDA:161,e0,13,0
BRDA:164,0,0,2
BRDA:164,e0,1,0
BRDA:164,0,2,2
BRDA:164,e0,3,0
BRDA:164,0,4,2
BRDA:164,e0,5,0
BRDA:164,0,6,2
BRDA:164,e0,7,0
BRDA:164,0,8,2
BRDA:164,e0,9,0
BRDA:164,0,10,0
BRDA:164,e0,11,0
BRDA:164,0,12,0
BRDA:164,e0,13,0
BRDA:165,0,0,2
BRDA:165,e0,1,0
BRDA:165,0,2,2
BRDA:165,e0,3,0
BRDA:165,0,4,2
BRDA:165,e0,5,0
BRDA:165,0,6,2
BRDA:165,e0,7,0
BRDA:165,0,8,2
BRDA:165,e0,9,0
BRDA:165,0,10,0
BRDA:165,e0,11,0
BRDA:165,0,12,0
BRDA:165,e0,13,0
BRDA:166,0,0,2
BRDA:166,e0,1,0
BRDA:166,0,2,2
BRDA:166,e0,3,0
BRDA:166,0,4,2
BRDA:166,e0,5,0
BRDA:166,0,6,2
BRDA:166,e0,7,0
BRDA:166,0,8,2
BRDA:166,e0,9,0
BRDA:166,0,10,0
BRDA:166,e0,11,0
BRDA:166,0,12,0
BRDA:166,e0,13,0
BRDA:167,0,0,2
BRDA:167,e0,1,0
BRDA:167,0,2,2
BRDA:167,e0,3,0
BRDA:167,0,4,2
BRDA:167,e0,5,0
BRDA:167,0,6,2
BRDA:167,e0,7,0
BRDA:167,0,8,2
BRDA:167,e0,9,0
BRDA:167,0,10,0
BRDA:167,e0,11,0
BRDA:167,0,12,0
BRDA:167,e0,13,0
BRDA:168,0,0,2
BRDA:168,e0,1,0
BRDA:168,0,2,2
BRDA:168,e0,3,0
BRDA:168,0,4,2
BRDA:168,e0,5,0
BRDA:168,0,6,2
BRDA:168,e0,7,0
BRDA:168,0,8,2
BRDA:168,e0,9,0
BRDA:168,0,10,0
BRDA:168,e0,11,0
BRDA:168,0,12,0
BRDA:168,e0,13,0
BRDA:169,0,0,2
BRDA:169,e0,1,0
BRDA:169,0,2,2
BRDA:169,e0,3,0
BRDA:169,0,4,2
BRDA:169,e0,5,0
BRDA:169,0,6,2
BRDA:169,e0,7,0
BRDA:169,0,8,2
BRDA:169,e0,9,0
BRDA:169,0,10,0
BRDA:169,e0,11,0
BRDA:169,0,12,0
BRDA:169,e0,13,0
BRDA:172,0,0,2
BRDA:172,e0,1,0
BRDA:172,0,2,2
BRDA:172,e0,3,0
BRDA:172,0,4,2
BRDA:172,e0,5,0
BRDA:172,0,6,2
BRDA:172,e0,7,0
BRDA:172,0,8,2
BRDA:172,e0,9,0
BRDA:172,0,10,0
BRDA:172,e0,11,0
BRDA:172,0,12,0
BRDA:172,e0,13,0
BRDA:173,0,0,2
BRDA:173,e0,1,0
BRDA:173,0,2,2
BRDA:173,e0,3,0
BRDA:173,0,4,2
BRDA:173,e0,5,0
BRDA:173,0,6,2
BRDA:173,e0,7,0
BRDA:173,0,8,2
BRDA:173,e0,9,0
BRDA:173,0,10,0
BRDA:173,e0,11,0
BRDA:173,0,12,0
BRDA:173,e0,13,0
BRDA:174,0,0,2
BRDA:174,e0,1,0
BRDA:174,0,2,2
BRDA:174,e0,3,0
BRDA:174,0,4,2
BRDA:174,e0,5,0
BRDA:174,0,6,2
BRDA:174,e0,7,0
BRDA:174,0,8,2
BRDA:174,e0,9,0
BRDA:174,0,10,0
BRDA:174,e0,11,0
BRDA:174,0,12,0
BRDA:174,e0,13,0
BRDA:175,0,0,2
BRDA:175,e0,1,0
BRDA:175,0,2,2
BRDA:175,e0,3,0
BRDA:175,0,4,2
BRDA:175,e0,5,0
BRDA:175,0,6,2
BRDA:175,e0,7,0
BRDA:175,0,8,2
BRDA:175,e0,9,0
BRDA:175,0,10,0
BRDA:175,e0,11,0
BRDA:175,0,12,0
BRDA:175,e0,13,0
BRDA:177,0,0,2
BRDA:177,e0,1,0
BRDA:177,0,2,2
BRDA:177,e0,3,0
BRDA:177,0,4,2
BRDA:177,e0,5,0
BRDA:177,0,6,2
BRDA:177,e0,7,0
BRDA:177,0,8,2
BRDA:177,e0,9,0
BRDA:177,0,10,0
BRDA:177,e0,11,0
BRDA:177,0,12,0
BRDA:177,e0,13,0
BRDA:178,0,0,2
BRDA:178,e0,1,0
BRDA:178,0,2,2
BRDA:178,e0,3,0
BRDA:178,0,4,2
BRDA:178,e0,5,0
BRDA:178,0,6,2
BRDA:178,e0,7,0
BRDA:178,0,8,2
BRDA:178,e0,9,0
BRDA:178,0,10,0
BRDA:178,e0,11,0
BRDA:178,0,12,0
BRDA:178,e0,13,0
BRDA:179,0,0,2
BRDA:179,e0,1,0
BRDA:179,0,2,2
BRDA:179,e0,3,0
BRDA:179,0,4,2
BRDA:179,e0,5,0
BRDA:179,0,6,2
BRDA:179,e0,7,0
BRDA:179,0,8,2
BRDA:179,e0,9,0
BRDA:179,0,10,0
BRDA:179,e0,11,0
BRDA:179,0,12,0
BRDA:179,e0,13,0
BRDA:182,0,0,12
BRDA:182,e0,1,0
BRDA:182,0,2,12
BRDA:182,e0,3,0
BRDA:182,0,4,2
BRDA:182,0,5,10
BRDA:186,0,0,2
BRDA:186,e0,1,0
BRDA:186,0,2,2
BRDA:186,e0,3,0
BRDA:186,0,4,2
BRDA:186,e0,5,0
BRDA:186,0,6,2
BRDA:186,e0,7,0
BRDA:186,0,8,2
BRDA:186,e0,9,0
BRDA:186,0,10,0
BRDA:186,e0,11,0
BRDA:186,0,12,0
BRDA:186,e0,13,0
BRDA:187,0,0,2
BRDA:187,e0,1,0
BRDA:187,0,2,2
BRDA:187,e0,3,0
BRDA:187,0,4,2
BRDA:187,e0,5,0
BRDA:187,0,6,2
BRDA:187,e0,7,0
BRDA:187,0,8,2
BRDA:187,e0,9,0
BRDA:187,0,10,0
BRDA:187,e0,11,0
BRDA:187,0,12,0
BRDA:187,e0,13,0
BRDA:188,0,0,2
BRDA:188,e0,1,0
BRDA:188,0,2,2
BRDA:188,e0,3,0
BRDA:188,0,4,2
BRDA:188,e0,5,0
BRDA:188,0,6,2
BRDA:188,e0,7,0
BRDA:188,0,8,2
BRDA:188,e0,9,0
BRDA:188,0,10,0
BRDA:188,e0,11,0
BRDA:188,0,12,0
BRDA:188,e0,13,0
BRDA:189,0,0,2
BRDA:189,e0,1,0
BRDA:189,0,2,2
BRDA:189,e0,3,0
BRDA:189,0,4,2
BRDA:189,e0,5,0
BRDA:189,0,6,2
BRDA:189,e0,7,0
BRDA:189,0,8,2
BRDA:189,e0,9,0
BRDA:189,0,10,0
BRDA:189,e0,11,0
BRDA:189,0,12,0
BRDA:189,e0,13,0
BRDA:192,0,0,2
BRDA:192,e0,1,0
BRDA:192,0,2,2
BRDA:192,e0,3,0
BRDA:192,0,4,2
BRDA:192,e0,5,0
BRDA:192,0,6,2
BRDA:192,e0,7,0
BRDA:192,0,8,2
BRDA:192,e0,9,0
BRDA:192,0,10,0
BRDA:192,e0,11,0
BRDA:192,0,12,0
BRDA:192,e0,13,0
BRDA:193,0,0,2
BRDA:193,e0,1,0
BRDA:193,0,2,2
BRDA:193,e0,3,0
BRDA:193,0,4,2
BRDA:193,e0,5,0
BRDA:193,0,6,2
BRDA:193,e0,7,0
BRDA:193,0,8,2
BRDA:193,e0,9,0
BRDA:193,0,10,0
BRDA:193,e0,11,0
BRDA:193,0,12,0
BRDA:193,e0,13,0
BRDA:194,0,0,2
BRDA:194,e0,1,0
BRDA:194,0,2,2
BRDA:194,e0,3,0
BRDA:194,0,4,2
BRDA:194,e0,5,0
BRDA:194,0,6,2
BRDA:194,e0,7,0
BRDA:194,0,8,2
BRDA:194,e0,9,0
BRDA:194,0,10,0
BRDA:194,e0,11,0
BRDA:194,0,12,0
BRDA:194,e0,13,0
BRDA:195,0,0,2
BRDA:195,e0,1,0
BRDA:195,0,2,2
BRDA:195,e0,3,0
BRDA:195,0,4,2
BRDA:195,e0,5,0
BRDA:195,0,6,2
BRDA:195,e0,7,0
BRDA:195,0,8,2
BRDA:195,e0,9,0
BRDA:195,0,10,0
BRDA:195,e0,11,0
BRDA:195,0,12,0
BRDA:195,e0,13,0
BRDA:196,0,0,2
BRDA:196,e0,1,0
BRDA:196,0,2,2
BRDA:196,e0,3,0
BRDA:196,0,4,2
BRDA:196,e0,5,0
BRDA:196,0,6,2
BRDA:196,e0,7,0
BRDA:196,0,8,2
BRDA:196,e0,9,0
BRDA:196,0,10,0
BRDA:196,e0,11,0
BRDA:196,0,12,0
BRDA:196,e0,13,0
BRDA:204,0,0,2
BRDA:204,e0,1,0
BRDA:204,0,2,2
BRDA:204,e0,3,0
BRDA:204,0,4,2
BRDA:204,e0,5,0
BRDA:204,0,6,2
BRDA:204,e0,7,0
BRDA:204,0,8,2
BRDA:204,e0,9,0
BRDA:204,0,10,0
BRDA:204,e0,11,0
BRDA:204,0,12,0
BRDA:204,e0,13,0
BRDA:205,0,0,2
BRDA:205,e0,1,0
BRDA:205,0,2,2
BRDA:205,e0,3,0
BRDA:205,0,4,2
BRDA:205,e0,5,0
BRDA:205,0,6,2
BRDA:205,e0,7,0
BRDA:205,0,8,2
BRDA:205,e0,9,0
BRDA:205,0,10,0
BRDA:205,e0,11,0
BRDA:205,0,12,0
BRDA:205,e0,13,0
BRDA:206,0,0,2
BRDA:206,e0,1,0
BRDA:206,0,2,2
BRDA:206,e0,3,0
BRDA:206,0,4,2
BRDA:206,e0,5,0
BRDA:206,0,6,2
BRDA:206,e0,7,0
BRDA:206,0,8,2
BRDA:206,e0,9,0
BRDA:206,0,10,0
BRDA:206,e0,11,0
BRDA:206,0,12,0
BRDA:206,e0,13,0
BRDA:207,0,0,2
BRDA:207,e0,1,0
BRDA:207,0,2,2
BRDA:207,e0,3,0
BRDA:207,0,4,2
BRDA:207,e0,5,0
BRDA:207,0,6,2
BRDA:207,e0,7,0
BRDA:207,0,8,2
BRDA:207,e0,9,0
BRDA:207,0,10,0
BRDA:207,e0,11,0
BRDA:207,0,12,0
BRDA:207,e0,13,0
BRDA:209,0,0,2
BRDA:209,e0,1,0
BRDA:209,0,2,2
BRDA:209,e0,3,0
BRDA:209,0,4,2
BRDA:209,e0,5,0
BRDA:209,0,6,2
BRDA:209,e0,7,0
BRDA:209,0,8,2
BRDA:209,e0,9,0
BRDA:209,0,10,0
BRDA:209,e0,11,0
BRDA:209,0,12,0
BRDA:209,e0,13,0
BRDA:210,0,0,2
BRDA:210,e0,1,0
BRDA:210,0,2,2
BRDA:210,e0,3,0
BRDA:210,0,4,2
BRDA:210,e0,5,0
BRDA:210,0,6,2
BRDA:210,e0,7,0
BRDA:210,0,8,2
BRDA:210,e0,9,0
BRDA:210,0,10,0
BRDA:210,e0,11,0
BRDA:210,0,12,0
BRDA:210,e0,13,0
BRDA:211,0,0,2
BRDA:211,e0,1,0
BRDA:211,0,2,2
BRDA:211,e0,3,0
BRDA:211,0,4,2
BRDA:211,e0,5,0
BRDA:211,0,6,2
BRDA:211,e0,7,0
BRDA:211,0,8,2
BRDA:211,e0,9,0
BRDA:211,0,10,0
BRDA:211,e0,11,0
BRDA:211,0,12,0
BRDA:211,e0,13,0
BRDA:212,0,0,2
BRDA:212,e0,1,0
BRDA:212,0,2,2
BRDA:212,e0,3,0
BRDA:212,0,4,2
BRDA:212,e0,5,0
BRDA:212,0,6,2
BRDA:212,e0,7,0
BRDA:212,0,8,2
BRDA:212,e0,9,0
BRDA:212,0,10,0
BRDA:212,e0,11,0
BRDA:212,0,12,0
BRDA:212,e0,13,0
BRDA:213,0,0,2
BRDA:213,e0,1,0
BRDA:213,0,2,2
BRDA:213,e0,3,0
BRDA:213,0,4,2
BRDA:213,e0,5,0
BRDA:213,0,6,2
BRDA:213,e0,7,0
BRDA:213,0,8,2
BRDA:213,e0,9,0
BRDA:213,0,10,0
BRDA:213,e0,11,0
BRDA:213,0,12,0
BRDA:213,e0,13,0
BRDA:214,0,0,2
BRDA:214,e0,1,0
BRDA:214,0,2,2
BRDA:214,e0,3,0
BRDA:214,0,4,2
BRDA:214,e0,5,0
BRDA:214,0,6,2
BRDA:214,e0,7,0
BRDA:214,0,8,2
BRDA:214,e0,9,0
BRDA:214,0,10,0
BRDA:214,e0,11,0
BRDA:214,0,12,0
BRDA:214,e0,13,0
BRDA:215,0,0,2
BRDA:215,e0,1,0
BRDA:215,0,2,2
BRDA:215,e0,3,0
BRDA:215,0,4,2
BRDA:215,e0,5,0
BRDA:215,0,6,2
BRDA:215,e0,7,0
BRDA:215,0,8,2
BRDA:215,e0,9,0
BRDA:215,0,10,0
BRDA:215,e0,11,0
BRDA:215,0,12,0
BRDA:215,e0,13,0
BRDA:218,0,0,12
BRDA:218,e0,1,0
BRDA:218,0,2,12
BRDA:218,e0,3,0
BRDA:218,0,4,2
BRDA:218,0,5,10
BRDA:223,0,0,2
BRDA:223,e0,1,0
BRDA:223,0,2,2
BRDA:223,e0,3,0
BRDA:223,0,4,2
BRDA:223,e0,5,0
BRDA:223,0,6,2
BRDA:223,e0,7,0
BRDA:223,0,8,2
BRDA:223,e0,9,0
BRDA:223,0,10,0
BRDA:223,e0,11,0
BRDA:223,0,12,0
BRDA:223,e0,13,0
BRDA:224,0,0,2
BRDA:224,e0,1,0
BRDA:224,0,2,2
BRDA:224,e0,3,0
BRDA:224,0,4,2
BRDA:224,e0,5,0
BRDA:224,0,6,2
BRDA:224,e0,7,0
BRDA:224,0,8,2
BRDA:224,e0,9,0
BRDA:224,0,10,0
BRDA:224,e0,11,0
BRDA:224,0,12,0
BRDA:224,e0,13,0
BRDA:227,0,0,2
BRDA:227,e0,1,0
BRDA:227,0,2,2
BRDA:227,e0,3,0
BRDA:227,0,4,2
BRDA:227,e0,5,0
BRDA:227,0,6,2
BRDA:227,e0,7,0
BRDA:227,0,8,2
BRDA:227,e0,9,0
BRDA:227,0,10,0
BRDA:227,e0,11,0
BRDA:227,0,12,0
BRDA:227,e0,13,0
BRDA:228,0,0,2
BRDA:228,e0,1,0
BRDA:228,0,2,2
BRDA:228,e0,3,0
BRDA:228,0,4,2
BRDA:228,e0,5,0
BRDA:228,0,6,2
BRDA:228,e0,7,0
BRDA:228,0,8,2
BRDA:228,e0,9,0
BRDA:228,0,10,0
BRDA:228,e0,11,0
BRDA:228,0,12,0
BRDA:228,e0,13,0
BRDA:229,0,0,2
BRDA:229,e0,1,0
BRDA:229,0,2,2
BRDA:229,e0,3,0
BRDA:229,0,4,2
BRDA:229,e0,5,0
BRDA:229,0,6,2
BRDA:229,e0,7,0
BRDA:229,0,8,2
BRDA:229,e0,9,0
BRDA:229,0,10,0
BRDA:229,e0,11,0
BRDA:229,0,12,0
BRDA:229,e0,13,0
BRDA:230,0,0,2
BRDA:230,e0,1,0
BRDA:230,0,2,2
BRDA:230,e0,3,0
BRDA:230,0,4,2
BRDA:230,e0,5,0
BRDA:230,0,6,2
BRDA:230,e0,7,0
BRDA:230,0,8,2
BRDA:230,e0,9,0
BRDA:230,0,10,0
BRDA:230,e0,11,0
BRDA:230,0,12,0
BRDA:230,e0,13,0
BRDA:231,0,0,2
BRDA:231,e0,1,0
BRDA:231,0,2,2
BRDA:231,e0,3,0
BRDA:231,0,4,2
BRDA:231,e0,5,0
BRDA:231,0,6,2
BRDA:231,e0,7,0
BRDA:231,0,8,2
BRDA:231,e0,9,0
BRDA:231,0,10,0
BRDA:231,e0,11,0
BRDA:231,0,12,0
BRDA:231,e0,13,0
BRDA:232,0,0,2
BRDA:232,e0,1,0
BRDA:232,0,2,2
BRDA:232,e0,3,0
BRDA:232,0,4,2
BRDA:232,e0,5,0
BRDA:232,0,6,2
BRDA:232,e0,7,0
BRDA:232,0,8,2
BRDA:232,e0,9,0
BRDA:232,0,10,0
BRDA:232,e0,11,0
BRDA:232,0,12,0
BRDA:232,e0,13,0
BRDA:236,0,0,2
BRDA:236,e0,1,0
BRDA:236,0,2,2
BRDA:236,e0,3,0
BRDA:236,0,4,2
BRDA:236,e0,5,0
BRDA:236,0,6,2
BRDA:236,e0,7,0
BRDA:236,0,8,2
BRDA:236,e0,9,0
BRDA:236,0,10,0
BRDA:236,e0,11,0
BRDA:236,0,12,0
BRDA:236,e0,13,0
BRDA:237,0,0,2
BRDA:237,e0,1,0
BRDA:237,0,2,2
BRDA:237,e0,3,0
BRDA:237,0,4,2
BRDA:237,e0,5,0
BRDA:237,0,6,2
BRDA:237,e0,7,0
BRDA:237,0,8,2
BRDA:237,e0,9,0
BRDA:237,0,10,0
BRDA:237,e0,11,0
BRDA:237,0,12,0
BRDA:237,e0,13,0
BRDA:238,0,0,2
BRDA:238,e0,1,0
BRDA:238,0,2,2
BRDA:238,e0,3,0
BRDA:238,0,4,2
BRDA:238,e0,5,0
BRDA:238,0,6,2
BRDA:238,e0,7,0
BRDA:238,0,8,2
BRDA:238,e0,9,0
BRDA:238,0,10,0
BRDA:238,e0,11,0
BRDA:238,0,12,0
BRDA:238,e0,13,0
BRDA:239,0,0,2
BRDA:239,e0,1,0
BRDA:239,0,2,2
BRDA:239,e0,3,0
BRDA:239,0,4,2
BRDA:239,e0,5,0
BRDA:239,0,6,2
BRDA:239,e0,7,0
BRDA:239,0,8,2
BRDA:239,e0,9,0
BRDA:239,0,10,0
BRDA:239,e0,11,0
BRDA:239,0,12,0
BRDA:239,e0,13,0
BRDA:240,0,0,2
BRDA:240,e0,1,0
BRDA:240,0,2,2
BRDA:240,e0,3,0
BRDA:240,0,4,2
BRDA:240,e0,5,0
BRDA:240,0,6,2
BRDA:240,e0,7,0
BRDA:240,0,8,2
BRDA:240,e0,9,0
BRDA:240,0,10,0
BRDA:240,e0,11,0
BRDA:240,0,12,0
BRDA:240,e0,13,0
BRDA:241,0,0,2
BRDA:241,e0,1,0
BRDA:241,0,2,2
BRDA:241,e0,3,0
BRDA:241,0,4,2
BRDA:241,e0,5,0
BRDA:241,0,6,2
BRDA:241,e0,7,0
BRDA:241,0,8,2
BRDA:241,e0,9,0
BRDA:241,0,10,0
BRDA:241,e0,11,0
BRDA:241,0,12,0
BRDA:241,e0,13,0
BRDA:246,0,0,2
BRDA:246,e0,1,0
BRDA:246,0,2,2
BRDA:246,e0,3,0
BRDA:246,0,4,2
BRDA:246,e0,5,0
BRDA:246,0,6,2
BRDA:246,e0,7,0
BRDA:246,0,8,2
BRDA:246,e0,9,0
BRDA:246,0,10,0
BRDA:246,e0,11,0
BRDA:246,0,12,0
BRDA:246,e0,13,0
BRDA:247,0,0,2
BRDA:247,e0,1,0
BRDA:247,0,2,2
BRDA:247,e0,3,0
BRDA:247,0,4,2
BRDA:247,e0,5,0
BRDA:247,0,6,2
BRDA:247,e0,7,0
BRDA:247,0,8,2
BRDA:247,e0,9,0
BRDA:247,0,10,0
BRDA:247,e0,11,0
BRDA:247,0,12,0
BRDA:247,e0,13,0
BRDA:250,0,0,2
BRDA:250,e0,1,0
BRDA:250,0,2,2
BRDA:250,e0,3,0
BRDA:250,0,4,2
BRDA:250,e0,5,0
BRDA:250,0,6,2
BRDA:250,e0,7,0
BRDA:250,0,8,2
BRDA:250,e0,9,0
BRDA:250,0,10,0
BRDA:250,e0,11,0
BRDA:250,0,12,0
BRDA:250,e0,13,0
BRDA:252,0,0,2
BRDA:252,e0,1,0
BRDA:252,0,2,2
BRDA:252,e0,3,0
BRDA:252,0,4,2
BRDA:252,e0,5,0
BRDA:252,0,6,2
BRDA:252,e0,7,0
BRDA:252,0,8,2
BRDA:252,e0,9,0
BRDA:252,0,10,0
BRDA:252,e0,11,0
BRDA:252,0,12,0
BRDA:252,e0,13,0
BRDA:254,0,0,2
BRDA:254,e0,1,0
BRDA:254,0,2,2
BRDA:254,e0,3,0
BRDA:254,0,4,2
BRDA:254,e0,5,0
BRDA:254,0,6,2
BRDA:254,e0,7,0
BRDA:254,0,8,2
BRDA:254,e0,9,0
BRDA:254,0,10,0
BRDA:254,e0,11,0
BRDA:254,0,12,0
BRDA:254,e0,13,0
BRDA:256,0,0,2
BRDA:256,e0,1,0
BRDA:256,0,2,2
BRDA:256,e0,3,0
BRDA:256,0,4,2
BRDA:256,e0,5,0
BRDA:256,0,6,2
BRDA:256,e0,7,0
BRDA:256,0,8,2
BRDA:256,e0,9,0
BRDA:256,0,10,0
BRDA:256,e0,11,0
BRDA:256,0,12,0
BRDA:256,e0,13,0
BRDA:262,0,0,2
BRDA:262,e0,1,0
BRDA:262,0,2,2
BRDA:262,e0,3,0
BRDA:262,0,4,2
BRDA:262,e0,5,0
BRDA:262,0,6,2
BRDA:262,e0,7,0
BRDA:262,0,8,2
BRDA:262,e0,9,0
BRDA:262,0,10,0
BRDA:262,e0,11,0
BRDA:262,0,12,0
BRDA:262,e0,13,0
BRDA:264,0,0,2
BRDA:264,e0,1,0
BRDA:264,0,2,2
BRDA:264,e0,3,0
BRDA:264,0,4,2
BRDA:264,e0,5,0
BRDA:264,0,6,2
BRDA:264,e0,7,0
BRDA:264,0,8,2
BRDA:264,e0,9,0
BRDA:264,0,10,0
BRDA:264,e0,11,0
BRDA:264,0,12,0
BRDA:264,e0,13,0
BRDA:266,0,0,2
BRDA:266,e0,1,0
BRDA:266,0,2,2
BRDA:266,e0,3,0
BRDA:266,0,4,2
BRDA:266,e0,5,0
BRDA:266,0,6,2
BRDA:266,e0,7,0
BRDA:266,0,8,2
BRDA:266,e0,9,0
BRDA:266,0,10,0
BRDA:266,e0,11,0
BRDA:266,0,12,0
BRDA:266,e0,13,0
BRDA:268,0,0,2
BRDA:268,e0,1,0
BRDA:268,0,2,2
BRDA:268,e0,3,0
BRDA:268,0,4,2
BRDA:268,e0,5,0
BRDA:268,0,6,2
BRDA:268,e0,7,0
BRDA:268,0,8,2
BRDA:268,e0,9,0
BRDA:268,0,10,0
BRDA:268,e0,11,0
BRDA:268,0,12,0
BRDA:268,e0,13,0
BRDA:270,0,0,2
BRDA:270,e0,1,0
BRDA:270,0,2,2
BRDA:270,e0,3,0
BRDA:270,0,4,2
BRDA:270,e0,5,0
BRDA:270,0,6,2
BRDA:270,e0,7,0
BRDA:270,0,8,2
BRDA:270,e0,9,0
BRDA:270,0,10,0
BRDA:270,e0,11,0
BRDA:270,0,12,0
BRDA:270,e0,13,0
BRDA:272,0,0,2
BRDA:272,e0,1,0
BRDA:272,0,2,2
BRDA:272,e0,3,0
BRDA:272,0,4,2
BRDA:272,e0,5,0
BRDA:272,0,6,2
BRDA:272,e0,7,0
BRDA:272,0,8,2
BRDA:272,e0,9,0
BRDA:272,0,10,0
BRDA:272,e0,11,0
BRDA:272,0,12,0
BRDA:272,e0,13,0
BRDA:273,0,0,2
BRDA:273,e0,1,0
BRDA:273,0,2,2
BRDA:273,e0,3,0
BRDA:273,0,4,2
BRDA:273,e0,5,0
BRDA:273,0,6,2
BRDA:273,e0,7,0
BRDA:273,0,8,2
BRDA:273,e0,9,0
BRDA:273,0,10,0
BRDA:273,e0,11,0
BRDA:273,0,12,0
BRDA:273,e0,13,0
BRDA:274,0,0,2
BRDA:274,e0,1,0
BRDA:274,0,2,2
BRDA:274,e0,3,0
BRDA:274,0,4,2
BRDA:274,e0,5,0
BRDA:274,0,6,2
BRDA:274,e0,7,0
BRDA:274,0,8,2
BRDA:274,e0,9,0
BRDA:274,0,10,0
BRDA:274,e0,11,0
BRDA:274,0,12,0
BRDA:274,e0,13,0
BRDA:276,0,0,2
BRDA:276,e0,1,0
BRDA:276,0,2,2
BRDA:276,e0,3,0
BRDA:276,0,4,2
BRDA:276,e0,5,0
BRDA:276,0,6,2
BRDA:276,e0,7,0
BRDA:276,0,8,2
BRDA:276,e0,9,0
BRDA:276,0,10,0
BRDA:276,e0,11,0
BRDA:276,0,12,0
BRDA:276,e0,13,0
BRDA:278,0,0,2
BRDA:278,e0,1,0
BRDA:278,0,2,2
BRDA:278,e0,3,0
BRDA:278,0,4,2
BRDA:278,e0,5,0
BRDA:278,0,6,2
BRDA:278,e0,7,0
BRDA:278,0,8,2
BRDA:278,e0,9,0
BRDA:278,0,10,0
BRDA:278,e0,11,0
BRDA:278,0,12,0
BRDA:278,e0,13,0
BRDA:280,0,0,2
BRDA:280,e0,1,0
BRDA:280,0,2,2
BRDA:280,e0,3,0
BRDA:280,0,4,2
BRDA:280,e0,5,0
BRDA:280,0,6,2
BRDA:280,e0,7,0
BRDA:280,0,8,2
BRDA:280,e0,9,0
BRDA:280,0,10,0
BRDA:280,e0,11,0
BRDA:280,0,12,0
BRDA:280,e0,13,0
BRDA:282,0,0,2
BRDA:282,e0,1,0
BRDA:282,0,2,2
BRDA:282,e0,3,0
BRDA:282,0,4,2
BRDA:282,e0,5,0
BRDA:282,0,6,2
BRDA:282,e0,7,0
BRDA:282,0,8,2
BRDA:282,e0,9,0
BRDA:282,0,10,0
BRDA:282,e0,11,0
BRDA:282,0,12,0
BRDA:282,e0,13,0
BRDA:283,0,0,2
BRDA:283,e0,1,0
BRDA:283,0,2,2
BRDA:283,e0,3,0
BRDA:283,0,4,2
BRDA:283,e0,5,0
BRDA:283,0,6,2
BRDA:283,e0,7,0
BRDA:283,0,8,2
BRDA:283,e0,9,0
BRDA:283,0,10,0
BRDA:283,e0,11,0
BRDA:283,0,12,0
BRDA:283,e0,13,0
BRDA:284,0,0,2
BRDA:284,e0,1,0
BRDA:284,0,2,2
BRDA:284,e0,3,0
BRDA:284,0,4,2
BRDA:284,e0,5,0
BRDA:284,0,6,2
BRDA:284,e0,7,0
BRDA:284,0,8,2
BRDA:284,e0,9,0
BRDA:284,0,10,0
BRDA:284,e0,11,0
BRDA:284,0,12,0
BRDA:284,e0,13,0
BRDA:285,0,0,2
BRDA:285,e0,1,0
BRDA:285,0,2,2
BRDA:285,e0,3,0
BRDA:285,0,4,2
BRDA:285,e0,5,0
BRDA:285,0,6,2
BRDA:285,e0,7,0
BRDA:285,0,8,2
BRDA:285,e0,9,0
BRDA:285,0,10,0
BRDA:285,e0,11,0
BRDA:285,0,12,0
BRDA:285,e0,13,0
BRDA:286,0,0,2
BRDA:286,e0,1,0
BRDA:286,0,2,2
BRDA:286,e0,3,0
BRDA:286,0,4,2
BRDA:286,e0,5,0
BRDA:286,0,6,2
BRDA:286,e0,7,0
BRDA:286,0,8,2
BRDA:286,e0,9,0
BRDA:286,0,10,0
BRDA:286,e0,11,0
BRDA:286,0,12,0
BRDA:286,e0,13,0
BRDA:288,0,0,2
BRDA:288,e0,1,0
BRDA:288,0,2,2
BRDA:288,e0,3,0
BRDA:288,0,4,2
BRDA:288,e0,5,0
BRDA:288,0,6,2
BRDA:288,e0,7,0
BRDA:288,0,8,2
BRDA:288,e0,9,0
BRDA:288,0,10,0
BRDA:288,e0,11,0
BRDA:288,0,12,0
BRDA:288,e0,13,0
BRDA:289,0,0,2
BRDA:289,e0,1,0
BRDA:289,0,2,2
BRDA:289,e0,3,0
BRDA:289,0,4,2
BRDA:289,e0,5,0
BRDA:289,0,6,2
BRDA:289,e0,7,0
BRDA:289,0,8,2
BRDA:289,e0,9,0
BRDA:289,0,10,0
BRDA:289,e0,11,0
BRDA:289,0,12,0
BRDA:289,e0,13,0
BRDA:290,0,0,2
BRDA:290,e0,1,0
BRDA:290,0,2,2
BRDA:290,e0,3,0
BRDA:290,0,4,2
BRDA:290,e0,5,0
BRDA:290,0,6,2
BRDA:290,e0,7,0
BRDA:290,0,8,2
BRDA:290,e0,9,0
BRDA:290,0,10,0
BRDA:290,e0,11,0
BRDA:290,0,12,0
BRDA:290,e0,13,0
BRF:1548
BRH:564
DA:36,68
DA:45,2
DA:46,2
DA:48,2
DA:49,2
DA:66,12
DA:68,12
DA:69,12
DA:70,12
DA:71,12
DA:72,12
DA:73,12
DA:78,12
DA:80,2
DA:81,2
DA:83,2
DA:85,2
DA:86,2
DA:89,12
DA:91,12
DA:93,2
DA:94,2
DA:96,2
DA:97,2
DA:98,2
DA:99,12
DA:101,12
DA:103,2
DA:104,2
DA:105,2
DA:106,2
DA:107,2
DA:109,2
DA:110,2
DA:111,2
DA:112,2
DA:113,2
DA:114,2
DA:115,2
DA:117,2
DA:118,2
DA:119,2
DA:120,2
DA:121,2
DA:123,2
DA:124,2
DA:125,2
DA:126,12
DA:128,12
DA:130,2
DA:131,2
DA:132,2
DA:134,2
DA:136,2
DA:137,2
DA:138,2
DA:139,2
DA:141,2
DA:143,2
DA:144,2
DA:145,2
DA:146,2
DA:148,2
DA:150,2
DA:151,2
DA:152,2
DA:153,2
DA:155,2
DA:156,2
DA:157,2
DA:158,2
DA:159,2
DA:160,2
DA:161,2
DA:163,2
DA:164,2
DA:165,2
DA:166,2
DA:167,2
DA:168,2
DA:169,2
DA:171,2
DA:172,2
DA:173,2
DA:174,2
DA:175,2
DA:177,2
DA:178,2
DA:179,2
DA:180,12
DA:182,12
DA:185,2
DA:186,2
DA:187,2
DA:188,2
DA:189,2
DA:191,2
DA:192,2
DA:193,2
DA:194,2
DA:195,2
DA:196,2
DA:198,2
DA:199,2
DA:200,2
DA:201,2
DA:202,2
DA:203,2
DA:204,2
DA:205,2
DA:206,2
DA:207,2
DA:209,2
DA:210,2
DA:211,2
DA:212,2
DA:213,2
DA:214,2
DA:215,2
DA:216,12
DA:218,12
DA:221,2
DA:222,2
DA:223,2
DA:224,2
DA:226,2
DA:227,2
DA:228,2
DA:229,2
DA:230,2
DA:231,2
DA:232,2
DA:233,2
DA:235,2
DA:236,2
DA:237,2
DA:238,2
DA:239,2
DA:240,2
DA:241,2
DA:242,2
DA:244,2
DA:245,2
DA:246,2
DA:247,2
DA:249,2
DA:250,2
DA:251,2
DA:252,2
DA:253,2
DA:254,2
DA:255,2
DA:256,2
DA:258,2
DA:259,2
DA:260,2
DA:261,2
DA:262,2
DA:263,2
DA:264,2
DA:265,2
DA:266,2
DA:267,2
DA:268,2
DA:269,2
DA:270,2
DA:272,2
DA:273,2
DA:274,2
DA:275,2
DA:276,2
DA:277,2
DA:278,2
DA:279,2
DA:280,2
DA:282,2
DA:283,2
DA:284,2
DA:285,2
DA:286,2
DA:288,2
DA:289,2
DA:290,2
DA:291,12
DA:294,12
LF:185
LH:185
end_of_record
TN:
SF:/home/bob/_workspaces/kit.core/xpkgs/catch2/src/catch2/catch_session.hpp
FN:36,43,_ZN5Catch7Session3runIcEEiiPKPKT_
FNDA:2,_ZN5Catch7Session3runIcEEiiPKPKT_
FNF:1
FNH:1
BRDA:37,0,0,0
BRDA:37,0,1,2
BRDA:40,0,0,2
BRDA:40,0,1,0
BRF:4
BRH:2
DA:36,2
DA:37,2
DA:38,0
DA:39,2
DA:40,2
DA:41,2
DA:42,2
LF:7
LH:6
end_of_record
TN:
SF:/home/bob/_workspaces/kit.core/xpkgs/catch2/src/catch2/catch_tostring.hpp
FN:149,151,_ZN5Catch6Detail9stringifyIPN12_GLOBAL__N_111ItemAutoAddEEENSt7__cxx1112basic_stringIcSt11char_traitsIcESaIcEEERKT_
FN:149,151,_ZN5Catch6Detail9stringifyIPN12_GLOBAL__N_16MyItemEEENSt7__cxx1112basic_stringIcSt11char_traitsIcESaIcEEERKT_
FN:149,151,_ZN5Catch6Detail9stringifyIbEENSt7__cxx1112basic_stringIcSt11char_traitsIcESaIcEEERKT_
FN:149,151,_ZN5Catch6Detail9stringifyIiEENSt7__cxx1112basic_stringIcSt11char_traitsIcESaIcEEERKT_
FN:270,273,_ZN5Catch11StringMakerIbvE7convertB5cxx11Eb
FN:312,318,_ZN5Catch11StringMakerIPN12_GLOBAL__N_111ItemAutoAddEvE7convertIS2_EENSt7__cxx1112basic_stringIcSt11char_traitsIcESaIcEEEPT_
FN:312,318,_ZN5Catch11StringMakerIPN12_GLOBAL__N_16MyItemEvE7convertIS2_EENSt7__cxx1112basic_stringIcSt11char_traitsIcESaIcEEEPT_
FN:63,65,_ZN5Catch6Detail17rawMemoryToStringIPN12_GLOBAL__N_111ItemAutoAddEEENSt7__cxx1112basic_stringIcSt11char_traitsIcESaIcEEERKT_
FN:63,65,_ZN5Catch6Detail17rawMemoryToStringIPN12_GLOBAL__N_16MyItemEEENSt7__cxx1112basic_stringIcSt11char_traitsIcESaIcEEERKT_
FNDA:4,_ZN5Catch6Detail9stringifyIPN12_GLOBAL__N_111ItemAutoAddEEENSt7__cxx1112basic_stringIcSt11char_traitsIcESaIcEEERKT_
FNDA:43,_ZN5Catch6Detail9stringifyIPN12_GLOBAL__N_16MyItemEEENSt7__cxx1112basic_stringIcSt11char_traitsIcESaIcEEERKT_
FNDA:22,_ZN5Catch6Detail9stringifyIbEENSt7__cxx1112basic_stringIcSt11char_traitsIcESaIcEEERKT_
FNDA:147,_ZN5Catch6Detail9stringifyIiEENSt7__cxx1112basic_stringIcSt11char_traitsIcESaIcEEERKT_
FNDA:22,_ZN5Catch11StringMakerIbvE7convertB5cxx11Eb
FNDA:4,_ZN5Catch11StringMakerIPN12_GLOBAL__N_111ItemAutoAddEvE7convertIS2_EENSt7__cxx1112basic_stringIcSt11char_traitsIcESaIcEEEPT_
FNDA:43,_ZN5Catch11StringMakerIPN12_GLOBAL__N_16MyItemEvE7convertIS2_EENSt7__cxx1112basic_stringIcSt11char_traitsIcESaIcEEEPT_
FNDA:2,_ZN5Catch6Detail17rawMemoryToStringIPN12_GLOBAL__N_111ItemAutoAddEEENSt7__cxx1112basic_stringIcSt11char_traitsIcESaIcEEERKT_
FNDA:23,_ZN5Catch6Detail17rawMemoryToStringIPN12_GLOBAL__N_16MyItemEEENSt7__cxx1112basic_stringIcSt11char_traitsIcESaIcEEERKT_
FNF:9
FNH:9
BRDA:272,0,0,16
BRDA:272,0,1,6
BRDA:313,0,0,25
BRDA:313,0,1,22
BRDA:316,0,0,22
BRDA:316,e0,1,0
BRF:6
BRH:5
DA:63,25
DA:64,25
DA:149,216
DA:150,216
DA:270,22
DA:272,22
DA:312,47
DA:313,47
DA:314,25
DA:316,44
LF:10
LH:10
end_of_record
TN:
SF:/home/bob/_workspaces/kit.core/xpkgs/catch2/src/catch2/internal/catch_assertion_handler.hpp
FN:37,41,_ZN5Catch16AssertionHandlerD2Ev
FNDA:216,_ZN5Catch16AssertionHandlerD2Ev
FNF:1
FNH:1
BRDA:38,0,0,0
BRDA:38,0,1,216
BRF:2
BRH:1
DA:37,216
DA:38,216
DA:39,0
DA:41,216
LF:4
LH:3
end_of_record
TN:
SF:/home/bob/_workspaces/kit.core/xpkgs/catch2/src/catch2/internal/catch_decomposer.hpp
FN:169,172,_ZN5Catch20ITransientExpressionC2Ebb
FN:191,194,_ZNK5Catch10BinaryExprIRKPN12_GLOBAL__N_111ItemAutoAddEiE29streamReconstructedExpressionERSo
FN:191,194,_ZNK5Catch10BinaryExprIRKPN12_GLOBAL__N_16MyItemEiE29streamReconstructedExpressionERSo
FN:191,194,_ZNK5Catch10BinaryExprIRPN12_GLOBAL__N_16MyItemEiE29streamReconstructedExpressionERSo
FN:191,194,_ZNK5Catch10BinaryExprIbbE29streamReconstructedExpressionERSo
FN:191,194,_ZNK5Catch10BinaryExprIiiE29streamReconstructedExpressionERSo
FN:197,202,_ZN5Catch10BinaryExprIRKPN12_GLOBAL__N_111ItemAutoAddEiEC2EbS5_NS_9StringRefEi
FN:197,202,_ZN5Catch10BinaryExprIRKPN12_GLOBAL__N_16MyItemEiEC2EbS5_NS_9StringRefEi
FN:197,202,_ZN5Catch10BinaryExprIRPN12_GLOBAL__N_16MyItemEiEC2EbS4_NS_9StringRefEi
FN:197,202,_ZN5Catch10BinaryExprIbbEC2EbbNS_9StringRefEb
FN:197,202,_ZN5Catch10BinaryExprIiiEC2EbiNS_9StringRefEi
FN:281,281,_ZN5Catch7ExprLhsIRKPN12_GLOBAL__N_111ItemAutoAddEEC2ES5_
FN:281,281,_ZN5Catch7ExprLhsIRKPN12_GLOBAL__N_16MyItemEEC2ES5_
FN:281,281,_ZN5Catch7ExprLhsIRPN12_GLOBAL__N_16MyItemEEC2ES4_
FN:281,281,_ZN5Catch7ExprLhsIbEC2Eb
FN:281,281,_ZN5Catch7ExprLhsIiEC2Ei
FN:331,331,_ZN5CatcheqIbEENSt9enable_ifIXsrSt11conjunctionIJNS_6Detail16is_eq_comparableIbT_vEENS_16capture_by_valueIS5_EEEE5valueENS_10BinaryExprIbS5_EEE4typeEONS_7ExprLhsIbEES5_
FN:331,331,_ZN5CatcheqIiEENSt9enable_ifIXsrSt11conjunctionIJNS_6Detail16is_eq_comparableIiT_vEENS_16capture_by_valueIS5_EEEE5valueENS_10BinaryExprIiS5_EEE4typeEONS_7ExprLhsIiEES5_
FN:331,331,_ZN5CatcheqIiEENSt9enable_ifIXsrSt11conjunctionIJSt8negationINS_6Detail16is_eq_comparableIRKPN12_GLOBAL__N_111ItemAutoAddET_vEEENS4_18is_eq_0_comparableISA_vEESt11disjunctionIJSt7is_sameISB_iESH_ISB_lEEEEE5valueENS_10BinaryExprISA_SB_EEE4typeEONS_7ExprLhsISA_EESB_
FN:331,331,_ZN5CatcheqIiEENSt9enable_ifIXsrSt11conjunctionIJSt8negationINS_6Detail16is_eq_comparableIRKPN12_GLOBAL__N_16MyItemET_vEEENS4_18is_eq_0_comparableISA_vEESt11disjunctionIJSt7is_sameISB_iESH_ISB_lEEEEE5valueENS_10BinaryExprISA_SB_EEE4typeEONS_7ExprLhsISA_EESB_
FN:332,332,_ZN5CatchneIiEENSt9enable_ifIXsrSt11conjunctionIJSt8negationINS_6Detail16is_ne_comparableIRKPN12_GLOBAL__N_111ItemAutoAddET_vEEENS4_18is_eq_0_comparableISA_vEESt11disjunctionIJSt7is_sameISB_iESH_ISB_lEEEEE5valueENS_10BinaryExprISA_SB_EEE4typeEONS_7ExprLhsISA_EESB_
FN:332,332,_ZN5CatchneIiEENSt9enable_ifIXsrSt11conjunctionIJSt8negationINS_6Detail16is_ne_comparableIRKPN12_GLOBAL__N_16MyItemET_vEEENS4_18is_eq_0_comparableISA_vEESt11disjunctionIJSt7is_sameISB_iESH_ISB_lEEEEE5valueENS_10BinaryExprISA_SB_EEE4typeEONS_7ExprLhsISA_EESB_
FN:332,332,_ZN5CatchneIiEENSt9enable_ifIXsrSt11conjunctionIJSt8negationINS_6Detail16is_ne_comparableIRPN12_GLOBAL__N_16MyItemET_vEEENS4_18is_eq_0_comparableIS9_vEESt11disjunctionIJSt7is_sameISA_iESG_ISA_lEEEEE5valueENS_10BinaryExprIS9_SA_EEE4typeEONS_7ExprLhsIS9_EESA_
FN:435,437,_ZN5CatchleIPN12_GLOBAL__N_111ItemAutoAddELi0EEENS_7ExprLhsIRKT_EEONS_10DecomposerEOS5_
FN:435,437,_ZN5CatchleIPN12_GLOBAL__N_16MyItemELi0EEENS_7ExprLhsIRKT_EEONS_10DecomposerEOS5_
FN:435,437,_ZN5CatchleIRPN12_GLOBAL__N_16MyItemELi0EEENS_7ExprLhsIRKT_EEONS_10DecomposerEOS6_
FN:441,443,_ZN5CatchleIbLi0EEENS_7ExprLhsIT_EEONS_10DecomposerES2_
FN:441,443,_ZN5CatchleIiLi0EEENS_7ExprLhsIT_EEONS_10DecomposerES2_
FNDA:216,_ZN5Catch20ITransientExpressionC2Ebb
FNDA:4,_ZNK5Catch10BinaryExprIRKPN12_GLOBAL__N_111ItemAutoAddEiE29streamReconstructedExpressionERSo
FNDA:36,_ZNK5Catch10BinaryExprIRKPN12_GLOBAL__N_16MyItemEiE29streamReconstructedExpressionERSo
FNDA:7,_ZNK5Catch10BinaryExprIRPN12_GLOBAL__N_16MyItemEiE29streamReconstructedExpressionERSo
FNDA:11,_ZNK5Catch10BinaryExprIbbE29streamReconstructedExpressionERSo
FNDA:50,_ZNK5Catch10BinaryExprIiiE29streamReconstructedExpressionERSo
FNDA:8,_ZN5Catch10BinaryExprIRKPN12_GLOBAL__N_111ItemAutoAddEiEC2EbS5_NS_9StringRefEi
FNDA:72,_ZN5Catch10BinaryExprIRKPN12_GLOBAL__N_16MyItemEiEC2EbS5_NS_9StringRefEi
FNDA:14,_ZN5Catch10BinaryExprIRPN12_GLOBAL__N_16MyItemEiEC2EbS4_NS_9StringRefEi
FNDA:22,_ZN5Catch10BinaryExprIbbEC2EbbNS_9StringRefEb
FNDA:100,_ZN5Catch10BinaryExprIiiEC2EbiNS_9StringRefEi
FNDA:8,_ZN5Catch7ExprLhsIRKPN12_GLOBAL__N_111ItemAutoAddEEC2ES5_
FNDA:72,_ZN5Catch7ExprLhsIRKPN12_GLOBAL__N_16MyItemEEC2ES5_
FNDA:14,_ZN5Catch7ExprLhsIRPN12_GLOBAL__N_16MyItemEEC2ES4_
FNDA:22,_ZN5Catch7ExprLhsIbEC2Eb
FNDA:100,_ZN5Catch7ExprLhsIiEC2Ei
FNDA:22,_ZN5CatcheqIbEENSt9enable_ifIXsrSt11conjunctionIJNS_6Detail16is_eq_comparableIbT_vEENS_16capture_by_valueIS5_EEEE5valueENS_10BinaryExprIbS5_EEE4typeEONS_7ExprLhsIbEES5_
FNDA:100,_ZN5CatcheqIiEENSt9enable_ifIXsrSt11conjunctionIJNS_6Detail16is_eq_comparableIiT_vEENS_16capture_by_valueIS5_EEEE5valueENS_10BinaryExprIiS5_EEE4typeEONS_7ExprLhsIiEES5_
FNDA:4,_ZN5CatcheqIiEENSt9enable_ifIXsrSt11conjunctionIJSt8negationINS_6Detail16is_eq_comparableIRKPN12_GLOBAL__N_111ItemAutoAddET_vEEENS4_18is_eq_0_comparableISA_vEESt11disjunctionIJSt7is_sameISB_iESH_ISB_lEEEEE5valueENS_10BinaryExprISA_SB_EEE4typeEONS_7ExprLhsISA_EESB_
FNDA:40,_ZN5CatcheqIiEENSt9enable_ifIXsrSt11conjunctionIJSt8negationINS_6Detail16is_eq_comparableIRKPN12_GLOBAL__N_16MyItemET_vEEENS4_18is_eq_0_comparableISA_vEESt11disjunctionIJSt7is_sameISB_iESH_ISB_lEEEEE5valueENS_10BinaryExprISA_SB_EEE4typeEONS_7ExprLhsISA_EESB_
FNDA:4,_ZN5CatchneIiEENSt9enable_ifIXsrSt11conjunctionIJSt8negationINS_6Detail16is_ne_comparableIRKPN12_GLOBAL__N_111ItemAutoAddET_vEEENS4_18is_eq_0_comparableISA_vEESt11disjunctionIJSt7is_sameISB_iESH_ISB_lEEEEE5valueENS_10BinaryExprISA_SB_EEE4typeEONS_7ExprLhsISA_EESB_
FNDA:32,_ZN5CatchneIiEENSt9enable_ifIXsrSt11conjunctionIJSt8negationINS_6Detail16is_ne_comparableIRKPN12_GLOBAL__N_16MyItemET_vEEENS4_18is_eq_0_comparableISA_vEESt11disjunctionIJSt7is_sameISB_iESH_ISB_lEEEEE5valueENS_10BinaryExprISA_SB_EEE4typeEONS_7ExprLhsISA_EESB_
FNDA:14,_ZN5CatchneIiEENSt9enable_ifIXsrSt11conjunctionIJSt8negationINS_6Detail16is_ne_comparableIRPN12_GLOBAL__N_16MyItemET_vEEENS4_18is_eq_0_comparableIS9_vEESt11disjunctionIJSt7is_sameISA_iESG_ISA_lEEEEE5valueENS_10BinaryExprIS9_SA_EEE4typeEONS_7ExprLhsIS9_EESA_
FNDA:8,_ZN5CatchleIPN12_GLOBAL__N_111ItemAutoAddELi0EEENS_7ExprLhsIRKT_EEONS_10DecomposerEOS5_
FNDA:72,_ZN5CatchleIPN12_GLOBAL__N_16MyItemELi0EEENS_7ExprLhsIRKT_EEONS_10DecomposerEOS5_
FNDA:14,_ZN5CatchleIRPN12_GLOBAL__N_16MyItemELi0EEENS_7ExprLhsIRKT_EEONS_10DecomposerEOS6_
FNDA:22,_ZN5CatchleIbLi0EEENS_7ExprLhsIT_EEONS_10DecomposerES2_
FNDA:100,_ZN5CatchleIiLi0EEENS_7ExprLhsIT_EEONS_10DecomposerES2_
FNF:28
FNH:28
BRDA:193,0,0,108
BRDA:193,e0,1,0
BRDA:193,0,2,108
BRDA:193,e0,3,0
BRDA:193,0,4,108
BRDA:193,e0,5,0
BRDA:331,0,0,0
BRDA:331,0,1,44
BRDA:332,0,0,0
BRDA:332,0,1,50
BRF:10
BRH:5
DA:169,216
DA:170,216
DA:171,216
DA:172,216
DA:191,108
DA:193,108
DA:194,108
DA:197,216
DA:199,216
DA:200,216
DA:201,216
DA:202,216
DA:281,216
DA:331,166
DA:332,50
DA:435,94
DA:436,94
DA:441,122
DA:442,122
LF:19
LH:19
end_of_record
TN:
SF:/home/bob/_workspaces/kit.core/xpkgs/catch2/src/catch2/internal/catch_source_line_info.hpp
FN:19,22,_ZN5Catch14SourceLineInfoC2EPKcm
FNDA:364,_ZN5Catch14SourceLineInfoC2EPKcm
FNF:1
FNH:1
DA:19,364
DA:20,364
DA:21,364
DA:22,364
LF:4
LH:4
end_of_record
TN:
SF:/home/bob/_workspaces/kit.core/xpkgs/catch2/src/catch2/internal/catch_stringref.hpp
FN:114,116,_ZN5Catchli3_srEPKcm
FN:119,121,_Zli9_catch_srPKcm
FN:37,37,_ZN5Catch9StringRefC2Ev
FN:41,44,_ZN5Catch9StringRefC2EPKcm
FNDA:674,_ZN5Catchli3_srEPKcm
FNDA:432,_Zli9_catch_srPKcm
FNDA:644,_ZN5Catch9StringRefC2Ev
FNDA:1439,_ZN5Catch9StringRefC2EPKcm
FNF:4
FNH:4
DA:37,644
DA:41,1439
DA:42,1439
DA:43,1439
DA:44,1439
DA:114,674
DA:115,674
DA:119,432
DA:120,432
LF:9
LH:9
end_of_record
TN:
SF:/home/bob/_workspaces/kit.core/xpkgs/catch2/src/catch2/internal/catch_test_registry.hpp
FN:80,82,_ZN5Catch11NameAndTagsC2ENS_9StringRefES1_
FNDA:2,_ZN5Catch11NameAndTagsC2ENS_9StringRefES1_
FNF:1
FNH:1
DA:80,2
DA:81,2
DA:82,2
LF:3
LH:3
end_of_record
TN:
SF:/home/bob/_workspaces/kit.core/xpkgs/catch2/src/catch2/internal/catch_unique_ptr.hpp
FN:59,61,_ZN5Catch6Detail10unique_ptrINS_12ITestInvokerEED2Ev
FNDA:6,_ZN5Catch6Detail10unique_ptrINS_12ITestInvokerEED2Ev
FNF:1
FNH:1
BRDA:60,0,0,2
BRDA:60,0,1,4
BRF:2
BRH:2
DA:59,6
DA:60,6
DA:61,6
LF:3
LH:3
end_of_record
TN:
SF:/usr/include/c++/13/bits/allocator.h
FNF:0
FNH:0
DA:163,46
DA:184,46
LF:2
LH:2
end_of_record
TN:
SF:/usr/include/c++/13/bits/basic_string.h
FN:4487,4488,_ZNSt8literals15string_literalsli1sB5cxx11EPKcm
FN:641,650,_ZNSt7__cxx1112basic_stringIcSt11char_traitsIcESaIcEEC2IS3_EEPKcRKS3_
FNDA:24,_ZNSt8literals15string_literalsli1sB5cxx11EPKcm
FNDA:338,_ZNSt7__cxx1112basic_stringIcSt11char_traitsIcESaIcEEC2IS3_EEPKcRKS3_
FNF:2
FNH:2
BRDA:645,0,0,0
BRDA:645,0,1,338
BRDA:648,0,0,338
BRDA:648,e0,1,0
BRDA:649,0,0,338
BRDA:649,e0,1,0
BRDA:4488,0,0,24
BRDA:4488,e0,1,0
BRF:8
BRH:4
DA:355,386
DA:641,338
DA:642,338
DA:645,338
DA:646,0
DA:648,338
DA:649,338
DA:650,338
DA:4487,24
DA:4488,72
LF:10
LH:9
end_of_record
TN:
SF:/usr/include/c++/13/bits/basic_string.tcc
FN:221,252,_ZNSt7__cxx1112basic_stringIcSt11char_traitsIcESaIcEE12_M_constructIPKcEEvT_S8_St20forward_iterator_tag
FN:239,239,_ZZNSt7__cxx1112basic_stringIcSt11char_traitsIcESaIcEE12_M_constructIPKcEEvT_S8_St20forward_iterator_tagEN6_GuardC2EPS4_
FN:242,242,_ZZNSt7__cxx1112basic_stringIcSt11char_traitsIcESaIcEE12_M_constructIPKcEEvT_S8_St20forward_iterator_tagEN6_GuardD2Ev
FNDA:408,_ZNSt7__cxx1112basic_stringIcSt11char_traitsIcESaIcEE12_M_constructIPKcEEvT_S8_St20forward_iterator_tag
FNDA:408,_ZZNSt7__cxx1112basic_stringIcSt11char_traitsIcESaIcEE12_M_constructIPKcEEvT_S8_St20forward_iterator_tagEN6_GuardC2EPS4_
FNDA:408,_ZZNSt7__cxx1112basic_stringIcSt11char_traitsIcESaIcEE12_M_constructIPKcEEvT_S8_St20forward_iterator_tagEN6_GuardD2Ev
FNF:3
FNH:3
BRDA:227,0,0,22
BRDA:227,0,1,386
BRDA:229,0,0,22
BRDA:229,e0,1,0
BRDA:242,0,0,0
BRDA:242,0,1,408
BRF:6
BRH:4
DA:221,408
DA:225,408
DA:227,408
DA:229,22
DA:230,22
DA:239,408
DA:242,408
DA:245,408
DA:247,408
DA:249,408
DA:251,408
DA:252,408
LF:12
LH:12
end_of_record
TN:
SF:/usr/include/c++/13/bits/char_traits.h
FN:136,137,_ZN9__gnu_cxx11char_traitsIcE2eqERKcS3_
FN:199,206,_ZN9__gnu_cxx11char_traitsIcE6lengthEPKc
FN:393,400,_ZNSt11char_traitsIcE6lengthEPKc
FNDA:0,_ZN9__gnu_cxx11char_traitsIcE2eqERKcS3_
FNDA:0,_ZN9__gnu_cxx11char_traitsIcE6lengthEPKc
FNDA:338,_ZNSt11char_traitsIcE6lengthEPKc
FNF:3
FNH:1
BRDA:203,0,0,-
BRDA:203,0,1,-
BRDA:396,0,0,0
BRDA:396,0,1,338
BRF:4
BRH:1
DA:136,0
DA:137,0
DA:199,0
DA:202,0
DA:203,0
DA:204,0
DA:205,0
DA:393,338
DA:396,338
DA:397,0
DA:399,338
LF:11
LH:3
end_of_record
TN:
SF:/usr/include/c++/13/bits/new_allocator.h
FN:104,104,_ZNSt15__new_allocatorIcED2Ev
FNDA:526,_ZNSt15__new_allocatorIcED2Ev
FNF:1
FNH:1
DA:88,46
DA:104,526
LF:2
LH:2
end_of_record
TN:
SF:/usr/include/c++/13/bits/stl_iterator_base_funcs.h
FNF:0
FNH:0
DA:106,408
DA:151,816
DA:152,816
LF:3
LH:3
end_of_record
TN:
SF:/usr/include/c++/13/bits/stl_iterator_base_types.h
FNF:0
FNH:0
DA:240,408
LF:1
LH:1
end_of_record
TN:
SF:/usr/include/x86_64-linux-gnu/c++/13/bits/c++config.h
FN:540,551,_ZSt23__is_constant_evaluatedv
FNDA:342,_ZSt23__is_constant_evaluatedv
FNF:1
FNH:1
DA:540,342
DA:547,342
LF:2
LH:2
end_of_record
